<?xml version="1.0" encoding="UTF-8"?>
<!-- Generated by org.testng.reporters.JUnitReportReporter -->
<testsuite skipped="0" hostname="Yogesh-Shadakshari" name="com.tests.AddBook" tests="1" failures="0" timestamp="2021-12-30T20:06:09 IST" time="5.874" errors="0">
  <testcase name="addBook" time="5.874" classname="com.tests.AddBook"/>
  <system-out/>
</testsuite> <!-- com.tests.AddBook -->
